<?xml version="1.0" encoding="UTF-8"?>
<testng-results ignored="0" total="1" passed="1" failed="0" skipped="0">
  <reporter-output>
  </reporter-output>
  <suite started-at="2023-11-12T23:02:53 CST" name="Default suite" finished-at="2023-11-12T23:02:56 CST" duration-ms="3705">
    <groups>
    </groups>
    <test started-at="2023-11-12T23:02:53 CST" name="Default test" finished-at="2023-11-12T23:02:56 CST" duration-ms="3705">
      <class name="com.google.GoogleTest">
        <test-method is-config="true" signature="beforeTest()[pri:0, instance:com.google.GoogleTest@c8c12ac]" started-at="2023-11-12T23:02:53 CST" name="beforeTest" finished-at="2023-11-12T23:02:53 CST" duration-ms="10" status="PASS">
          <reporter-output>
          </reporter-output>
        </test-method> <!-- beforeTest -->
        <test-method signature="f()[pri:0, instance:com.google.GoogleTest@c8c12ac]" started-at="2023-11-12T23:02:53 CST" name="f" finished-at="2023-11-12T23:02:56 CST" duration-ms="3658" status="PASS">
          <reporter-output>
          </reporter-output>
        </test-method> <!-- f -->
        <test-method is-config="true" signature="afterTest()[pri:0, instance:com.google.GoogleTest@c8c12ac]" started-at="2023-11-12T23:02:56 CST" name="afterTest" finished-at="2023-11-12T23:02:56 CST" duration-ms="0" status="PASS">
          <reporter-output>
          </reporter-output>
        </test-method> <!-- afterTest -->
      </class> <!-- com.google.GoogleTest -->
    </test> <!-- Default test -->
  </suite> <!-- Default suite -->
</testng-results>
