<?xml version="1.0" encoding="UTF-8"?>
<testng-results ignored="0" total="1" passed="1" failed="0" skipped="0">
  <reporter-output>
  </reporter-output>
  <suite started-at="2023-11-13T17:44:01 CST" name="Default suite" finished-at="2023-11-13T17:44:04 CST" duration-ms="2955">
    <groups>
    </groups>
    <test started-at="2023-11-13T17:44:01 CST" name="Default test" finished-at="2023-11-13T17:44:04 CST" duration-ms="2955">
      <class name="com.google.GoogleTest">
        <test-method is-config="true" signature="beforeTest()[pri:0, instance:com.google.GoogleTest@13e344d]" started-at="2023-11-13T17:44:01 CST" name="beforeTest" finished-at="2023-11-13T17:44:01 CST" duration-ms="10" status="PASS">
          <reporter-output>
          </reporter-output>
        </test-method> <!-- beforeTest -->
        <test-method signature="f()[pri:0, instance:com.google.GoogleTest@13e344d]" started-at="2023-11-13T17:44:01 CST" name="f" finished-at="2023-11-13T17:44:04 CST" duration-ms="2900" status="PASS">
          <reporter-output>
          </reporter-output>
        </test-method> <!-- f -->
        <test-method is-config="true" signature="afterTest()[pri:0, instance:com.google.GoogleTest@13e344d]" started-at="2023-11-13T17:44:04 CST" name="afterTest" finished-at="2023-11-13T17:44:04 CST" duration-ms="1" status="PASS">
          <reporter-output>
          </reporter-output>
        </test-method> <!-- afterTest -->
      </class> <!-- com.google.GoogleTest -->
    </test> <!-- Default test -->
  </suite> <!-- Default suite -->
</testng-results>
